2015-07-14 17:18:51,418   (com.dc.esb.servicegov.controller.ExcelImportController:70) INFO  --> 覆盖标识: Y
2015-07-14 17:18:52,779   (com.dc.esb.servicegov.controller.ExcelImportController:147) DEBUG --> 开始获取C804(ICBS)交易信息=========================
2015-07-14 17:18:52,815   (com.dc.esb.servicegov.controller.ExcelImportController:476) ERROR --> C804(ICBS)页,元数据[TranCode]未配置，导入失败...
2015-07-14 17:18:52,864   (com.dc.esb.servicegov.controller.ExcelImportController:147) DEBUG --> 开始获取C804(CBSIII)交易信息=========================
2015-07-14 17:18:52,881   (com.dc.esb.servicegov.controller.ExcelImportController:476) ERROR --> C804(CBSIII)页,元数据[TranCode]未配置，导入失败...
2015-07-14 17:18:52,896   (com.dc.esb.servicegov.controller.ExcelImportController:147) DEBUG --> 开始获取CBS001交易信息=========================
2015-07-14 17:18:52,910   (com.dc.esb.servicegov.controller.ExcelImportController:476) ERROR --> CBS001页,元数据[WthdwSeatNo]未配置，导入失败...
2015-07-14 17:20:36,360   (com.dc.esb.servicegov.controller.ExcelImportController:70) INFO  --> 覆盖标识: Y
2015-07-14 17:20:36,693   (com.dc.esb.servicegov.controller.ExcelImportController:147) DEBUG --> 开始获取C804(ICBS)交易信息=========================
2015-07-14 17:20:36,701   (com.dc.esb.servicegov.controller.ExcelImportController:476) ERROR --> C804(ICBS)页,元数据[TranCode]未配置，导入失败...
2015-07-14 17:20:36,715   (com.dc.esb.servicegov.controller.ExcelImportController:147) DEBUG --> 开始获取C804(CBSIII)交易信息=========================
2015-07-14 17:20:36,730   (com.dc.esb.servicegov.controller.ExcelImportController:476) ERROR --> C804(CBSIII)页,元数据[TranCode]未配置，导入失败...
2015-07-14 17:20:36,755   (com.dc.esb.servicegov.controller.ExcelImportController:147) DEBUG --> 开始获取CBS001交易信息=========================
2015-07-14 17:20:36,763   (com.dc.esb.servicegov.controller.ExcelImportController:476) ERROR --> CBS001页,元数据[WthdwSeatNo]未配置，导入失败...
2015-07-14 17:21:53,186   (com.dc.esb.servicegov.controller.ExcelImportController:70) INFO  --> 覆盖标识: Y
2015-07-14 17:21:54,674   (com.dc.esb.servicegov.controller.ExcelImportController:140) ERROR --> 交易[C804(ICBS)],ICBS系统不存在
2015-07-14 17:21:54,707   (com.dc.esb.servicegov.controller.ExcelImportController:140) ERROR --> 交易[C804(CBSIII)],CBSIII系统不存在
2015-07-14 17:21:54,713   (com.dc.esb.servicegov.controller.ExcelImportController:140) ERROR --> 交易[CBS001],CBSIII系统不存在
2015-07-14 17:23:19,520   (com.dc.esb.servicegov.controller.ExcelImportController:70) INFO  --> 覆盖标识: Y
2015-07-14 17:23:21,088   (com.dc.esb.servicegov.controller.ExcelImportController:147) DEBUG --> 开始获取C804(ICBS)交易信息=========================
2015-07-14 17:23:21,131   (com.dc.esb.servicegov.controller.ExcelImportController:477) ERROR --> C804(ICBS)页,元数据[TranCode]未配置，导入失败...
2015-07-14 17:23:21,200   (com.dc.esb.servicegov.controller.ExcelImportController:477) ERROR --> C804(ICBS)页,元数据[ConsumerSeqNo]未配置，导入失败...
2015-07-14 17:23:21,208   (com.dc.esb.servicegov.controller.ExcelImportController:477) ERROR --> C804(ICBS)页,元数据[MakeCardDt]未配置，导入失败...
2015-07-14 17:23:21,215   (com.dc.esb.servicegov.controller.ExcelImportController:477) ERROR --> C804(ICBS)页,元数据[BranchId]未配置，导入失败...
2015-07-14 17:23:21,221   (com.dc.esb.servicegov.controller.ExcelImportController:477) ERROR --> C804(ICBS)页,元数据[SrcFileName]未配置，导入失败...
2015-07-14 17:23:21,232   (com.dc.esb.servicegov.controller.ExcelImportController:194) INFO  --> ===========交易[C804(ICBS)],开始导入字段映射信息=============
2015-07-14 17:29:25,650   (com.dc.esb.servicegov.controller.ExcelImportController:70) INFO  --> 覆盖标识: Y
2015-07-14 17:29:26,015   (com.dc.esb.servicegov.controller.ExcelImportController:147) DEBUG --> 开始获取C804(ICBS)交易信息=========================
2015-07-14 17:29:26,035   (com.dc.esb.servicegov.controller.ExcelImportController:477) ERROR --> C804(ICBS)页,元数据[TranCode]未配置，导入失败...
2015-07-14 17:29:26,041   (com.dc.esb.servicegov.controller.ExcelImportController:477) ERROR --> C804(ICBS)页,元数据[ConsumerSeqNo]未配置，导入失败...
2015-07-14 17:29:26,053   (com.dc.esb.servicegov.controller.ExcelImportController:477) ERROR --> C804(ICBS)页,元数据[MakeCardDt]未配置，导入失败...
2015-07-14 17:29:26,060   (com.dc.esb.servicegov.controller.ExcelImportController:477) ERROR --> C804(ICBS)页,元数据[BranchId]未配置，导入失败...
2015-07-14 17:29:26,068   (com.dc.esb.servicegov.controller.ExcelImportController:477) ERROR --> C804(ICBS)页,元数据[SrcFileName]未配置，导入失败...
2015-07-14 17:29:26,073   (com.dc.esb.servicegov.controller.ExcelImportController:194) INFO  --> ===========交易[C804(ICBS)],开始导入字段映射信息=============
